<?xml version="1.0" encoding="UTF-8"?>
<testng-results ignored="0" total="1" passed="1" failed="0" skipped="0">
  <reporter-output>
  </reporter-output>
  <suite started-at="2022-01-08T10:58:30 IST" name="Suite" finished-at="2022-01-08T10:58:49 IST" duration-ms="19137">
    <groups>
    </groups>
    <test started-at="2022-01-08T10:58:30 IST" name="Test" finished-at="2022-01-08T10:58:49 IST" duration-ms="19137">
      <class name="com.eytest.testcases.CareerPageTests">
        <test-method is-config="true" signature="setup()[pri:0, instance:com.eytest.testcases.CareerPageTests@a50b09c]" started-at="2022-01-08T10:58:30 IST" name="setup" finished-at="2022-01-08T10:58:45 IST" duration-ms="14617" status="PASS">
          <reporter-output>
          </reporter-output>
        </test-method> <!-- setup -->
        <test-method signature="launchPage(java.lang.String)[pri:1, instance:com.eytest.testcases.CareerPageTests@a50b09c]" started-at="2022-01-08T10:58:45 IST" name="launchPage" data-provider="getLaunchPageTestData" finished-at="2022-01-08T10:58:46 IST" duration-ms="1555" status="PASS">
          <params>
            <param index="0">
              <value>
                <![CDATA[ey]]>
              </value>
            </param>
          </params>
          <reporter-output>
          </reporter-output>
        </test-method> <!-- launchPage -->
        <test-method is-config="true" signature="tearDown()[pri:0, instance:com.eytest.testcases.CareerPageTests@a50b09c]" started-at="2022-01-08T10:58:46 IST" name="tearDown" finished-at="2022-01-08T10:58:49 IST" duration-ms="2777" status="PASS">
          <reporter-output>
          </reporter-output>
        </test-method> <!-- tearDown -->
        <test-method is-config="true" signature="mergePdfs()[pri:0, instance:com.eytest.testcases.CareerPageTests@a50b09c]" started-at="2022-01-08T10:58:49 IST" name="mergePdfs" finished-at="2022-01-08T10:58:49 IST" duration-ms="69" status="PASS">
          <reporter-output>
          </reporter-output>
        </test-method> <!-- mergePdfs -->
      </class> <!-- com.eytest.testcases.CareerPageTests -->
    </test> <!-- Test -->
  </suite> <!-- Suite -->
</testng-results>
